<?xml version="1.0" encoding="UTF-8"?>
<!-- Generated by org.testng.reporters.JUnitXMLReporter -->
<testsuite hostname="acanthophis" ignored="0" name="Default test" tests="7" failures="0" timestamp="2020-05-11T12:22:46 CEST" time="23.685" errors="0">
  <testcase name="checkNewletters" time="7.442" classname="TestSuite.ValidationHomePage"/>
  <testcase name="testAllCourses" time="0.043" classname="TestSuite.ValidationHomePage"/>
  <testcase name="validateEmail" time="0.067" classname="TestSuite.ValidationHomePage"/>
  <testcase name="validateFirsttextOfHeder" time="0.034" classname="TestSuite.ValidationHomePage"/>
  <testcase name="validateFooter" time="0.041" classname="TestSuite.ValidationHomePage"/>
  <testcase name="validatePhoneNumber" time="0.071" classname="TestSuite.ValidationHomePage"/>
  <testcase name="validateSecondtextOfHeder" time="0.037" classname="TestSuite.ValidationHomePage"/>
</testsuite> <!-- Default test -->
