<?xml version="1.0" encoding="UTF-8"?>
<!-- Generated by org.testng.reporters.JUnitXMLReporter -->
<testsuite hostname="acanthophis" ignored="0" name="Default test" tests="4" failures="0" timestamp="2020-05-12T11:34:30 CEST" time="41.842" errors="0">
  <testcase name="basePageNavegation" time="12.979" classname="TestSuite.LogingPage"/>
  <testcase name="basePageNavegation" time="5.269" classname="TestSuite.LogingPage"/>
  <testcase name="basePageNavegation" time="5.554" classname="TestSuite.LogingPage"/>
  <testcase name="basePagePostive" time="5.266" classname="TestSuite.LogingPage"/>
</testsuite> <!-- Default test -->
