<?xml version="1.0" encoding="UTF-8"?>
<!-- Generated by org.testng.reporters.JUnitXMLReporter -->
<testsuite hostname="acanthophis" ignored="0" name="Validate Home page " tests="8" failures="1" timestamp="2020-05-11T15:11:34 CEST" time="26.361" errors="0">
  <testcase name="checkNewletters" time="8.767" classname="TestSuite.ValidationHomePage"/>
  <testcase name="testAllCourses" time="0.044" classname="TestSuite.ValidationHomePage"/>
  <testcase name="validateEmail" time="0.077" classname="TestSuite.ValidationHomePage"/>
  <testcase name="validateFirsttextOfHeder" time="0.043" classname="TestSuite.ValidationHomePage"/>
  <testcase name="validateFooter" time="0.049" classname="TestSuite.ValidationHomePage">
    <failure type="java.lang.AssertionError" message="expected [SELF PACED ONLINE TRAINING1] but found [SELF PACED ONLINE TRAINING]">
      <![CDATA[java.lang.AssertionError: expected [SELF PACED ONLINE TRAINING1] but found [SELF PACED ONLINE TRAINING]
at TestSuite.ValidationHomePage.validateFooter(ValidationHomePage.java:102)
at java.util.ArrayList.forEach(ArrayList.java:1257)
... Removed 32 stack frames]]>
    </failure>
  </testcase> <!-- validateFooter -->
  <testcase name="validateNavigationBar" time="0.053" classname="TestSuite.ValidationHomePage"/>
  <testcase name="validatePhoneNumber" time="0.067" classname="TestSuite.ValidationHomePage"/>
  <testcase name="validateSecondtextOfHeder" time="0.039" classname="TestSuite.ValidationHomePage"/>
</testsuite> <!-- Validate Home page  -->
