<?xml version="1.0" encoding="UTF-8"?>
<!-- Generated by org.testng.reporters.JUnitXMLReporter -->
<testsuite hostname="acanthophis" ignored="0" name="Validate Home page " tests="9" failures="0" timestamp="2020-05-12T11:01:29 CEST" time="29.445" errors="0">
  <testcase name="checkNewletters" time="8.587" classname="TestSuite.ValidationHomePage"/>
  <testcase name="testAllCourses" time="0.069" classname="TestSuite.ValidationHomePage"/>
  <testcase name="validateEmail" time="0.124" classname="TestSuite.ValidationHomePage"/>
  <testcase name="validateFirsttextOfHeder" time="0.068" classname="TestSuite.ValidationHomePage"/>
  <testcase name="validateFooter" time="0.098" classname="TestSuite.ValidationHomePage"/>
  <testcase name="validateNavigationBar" time="0.055" classname="TestSuite.ValidationHomePage"/>
  <testcase name="validatePhoneNumber" time="0.132" classname="TestSuite.ValidationHomePage"/>
  <testcase name="validateSecondtextOfHeder" time="0.066" classname="TestSuite.ValidationHomePage"/>
  <testcase name="basePageNavegation" time="9.94" classname="TestSuite.LogingPage"/>
</testsuite> <!-- Validate Home page  -->
