<?xml version="1.0" encoding="UTF-8"?>
<!-- Generated by org.testng.reporters.JUnitXMLReporter -->
<testsuite hostname="acanthophis" ignored="0" name="Test" tests="7" failures="0" timestamp="2020-05-11T13:20:32 CEST" time="29.223" errors="0">
  <testcase name="checkNewletters" time="12.33" classname="TestSuite.ValidationHomePage"/>
  <testcase name="testAllCourses" time="0.034" classname="TestSuite.ValidationHomePage"/>
  <testcase name="validateEmail" time="0.078" classname="TestSuite.ValidationHomePage"/>
  <testcase name="validateFirsttextOfHeder" time="0.037" classname="TestSuite.ValidationHomePage"/>
  <testcase name="validateFooter" time="0.04" classname="TestSuite.ValidationHomePage"/>
  <testcase name="validatePhoneNumber" time="0.071" classname="TestSuite.ValidationHomePage"/>
  <testcase name="validateSecondtextOfHeder" time="0.039" classname="TestSuite.ValidationHomePage"/>
</testsuite> <!-- Test -->
