<?xml version="1.0" encoding="UTF-8"?>
<!-- Generated by org.testng.reporters.JUnitXMLReporter -->
<testsuite hostname="acanthophis" ignored="0" name="Validate Home page " tests="10" failures="0" timestamp="2020-05-12T11:37:54 CEST" time="33.283" errors="0">
  <testcase name="basePageNavegation" time="11.933" classname="TestSuite.LogingPage"/>
  <testcase name="checkNewletters" time="9.024" classname="TestSuite.ValidationHomePage"/>
  <testcase name="testAllCourses" time="0.047" classname="TestSuite.ValidationHomePage"/>
  <testcase name="validateEmail" time="0.12" classname="TestSuite.ValidationHomePage"/>
  <testcase name="validateFirsttextOfHeder" time="0.073" classname="TestSuite.ValidationHomePage"/>
  <testcase name="validateFooter" time="0.122" classname="TestSuite.ValidationHomePage"/>
  <testcase name="validateNavigationBar" time="0.107" classname="TestSuite.ValidationHomePage"/>
  <testcase name="validatePhoneNumber" time="0.172" classname="TestSuite.ValidationHomePage"/>
  <testcase name="validateSecondtextOfHeder" time="0.194" classname="TestSuite.ValidationHomePage"/>
  <testcase name="basePageNavegation" time="6.375" classname="TestSuite.LogingPage"/>
</testsuite> <!-- Validate Home page  -->
