<?xml version="1.0" encoding="UTF-8"?>
<!-- Generated by org.testng.reporters.JUnitXMLReporter -->
<testsuite hostname="acanthophis" ignored="0" name="Validate Home page " tests="8" failures="0" timestamp="2020-05-11T16:15:44 CEST" time="24.499" errors="0">
  <testcase name="checkNewletters" time="8.487" classname="TestSuite.ValidationHomePage"/>
  <testcase name="testAllCourses" time="0.034" classname="TestSuite.ValidationHomePage"/>
  <testcase name="validateEmail" time="0.069" classname="TestSuite.ValidationHomePage"/>
  <testcase name="validateFirsttextOfHeder" time="0.033" classname="TestSuite.ValidationHomePage"/>
  <testcase name="validateFooter" time="0.032" classname="TestSuite.ValidationHomePage"/>
  <testcase name="validateNavigationBar" time="0.037" classname="TestSuite.ValidationHomePage"/>
  <testcase name="validatePhoneNumber" time="0.062" classname="TestSuite.ValidationHomePage"/>
  <testcase name="validateSecondtextOfHeder" time="0.032" classname="TestSuite.ValidationHomePage"/>
</testsuite> <!-- Validate Home page  -->
