<?xml version="1.0" encoding="UTF-8"?>
<testng-results skipped="0" failed="0" ignored="0" total="8" passed="8">
  <reporter-output>
  </reporter-output>
  <suite name="Suite" duration-ms="24499" started-at="2020-05-11T16:15:20 CEST" finished-at="2020-05-11T16:15:44 CEST">
    <groups>
    </groups>
    <test name="Validate Home page " duration-ms="24499" started-at="2020-05-11T16:15:20 CEST" finished-at="2020-05-11T16:15:44 CEST">
      <class name="TestSuite.ValidationHomePage">
        <test-method status="PASS" signature="basePageNavigation()[pri:0, instance:TestSuite.ValidationHomePage@f5acb9d]" name="basePageNavigation" is-config="true" duration-ms="15531" started-at="2020-05-11T16:15:20 CEST" finished-at="2020-05-11T16:15:35 CEST">
          <reporter-output>
          </reporter-output>
        </test-method> <!-- basePageNavigation -->
        <test-method status="PASS" signature="checkNewletters()[pri:0, instance:TestSuite.ValidationHomePage@f5acb9d]" name="checkNewletters" duration-ms="8487" started-at="2020-05-11T16:15:35 CEST" finished-at="2020-05-11T16:15:44 CEST">
          <reporter-output>
          </reporter-output>
        </test-method> <!-- checkNewletters -->
        <test-method status="PASS" signature="testAllCourses()[pri:0, instance:TestSuite.ValidationHomePage@f5acb9d]" name="testAllCourses" duration-ms="34" started-at="2020-05-11T16:15:44 CEST" finished-at="2020-05-11T16:15:44 CEST">
          <reporter-output>
          </reporter-output>
        </test-method> <!-- testAllCourses -->
        <test-method status="PASS" signature="validateEmail()[pri:0, instance:TestSuite.ValidationHomePage@f5acb9d]" name="validateEmail" duration-ms="69" started-at="2020-05-11T16:15:44 CEST" finished-at="2020-05-11T16:15:44 CEST">
          <reporter-output>
          </reporter-output>
        </test-method> <!-- validateEmail -->
        <test-method status="PASS" signature="validateFirsttextOfHeder()[pri:0, instance:TestSuite.ValidationHomePage@f5acb9d]" name="validateFirsttextOfHeder" duration-ms="33" started-at="2020-05-11T16:15:44 CEST" finished-at="2020-05-11T16:15:44 CEST">
          <reporter-output>
          </reporter-output>
        </test-method> <!-- validateFirsttextOfHeder -->
        <test-method status="PASS" signature="validateFooter()[pri:0, instance:TestSuite.ValidationHomePage@f5acb9d]" name="validateFooter" duration-ms="32" started-at="2020-05-11T16:15:44 CEST" finished-at="2020-05-11T16:15:44 CEST">
          <reporter-output>
          </reporter-output>
        </test-method> <!-- validateFooter -->
        <test-method status="PASS" signature="validateNavigationBar()[pri:0, instance:TestSuite.ValidationHomePage@f5acb9d]" name="validateNavigationBar" duration-ms="37" started-at="2020-05-11T16:15:44 CEST" finished-at="2020-05-11T16:15:44 CEST">
          <reporter-output>
          </reporter-output>
        </test-method> <!-- validateNavigationBar -->
        <test-method status="PASS" signature="validatePhoneNumber()[pri:0, instance:TestSuite.ValidationHomePage@f5acb9d]" name="validatePhoneNumber" duration-ms="62" started-at="2020-05-11T16:15:44 CEST" finished-at="2020-05-11T16:15:44 CEST">
          <reporter-output>
          </reporter-output>
        </test-method> <!-- validatePhoneNumber -->
        <test-method status="PASS" signature="validateSecondtextOfHeder()[pri:0, instance:TestSuite.ValidationHomePage@f5acb9d]" name="validateSecondtextOfHeder" duration-ms="32" started-at="2020-05-11T16:15:44 CEST" finished-at="2020-05-11T16:15:44 CEST">
          <reporter-output>
          </reporter-output>
        </test-method> <!-- validateSecondtextOfHeder -->
        <test-method status="PASS" signature="teardown()[pri:0, instance:TestSuite.ValidationHomePage@f5acb9d]" name="teardown" is-config="true" duration-ms="133" started-at="2020-05-11T16:15:44 CEST" finished-at="2020-05-11T16:15:44 CEST">
          <reporter-output>
          </reporter-output>
        </test-method> <!-- teardown -->
      </class> <!-- TestSuite.ValidationHomePage -->
    </test> <!-- Validate Home page  -->
  </suite> <!-- Suite -->
</testng-results>
