<?xml version="1.0" encoding="UTF-8"?>
<testng-results skipped="0" failed="0" ignored="0" total="4" passed="4">
  <reporter-output>
  </reporter-output>
  <suite name="Default suite" duration-ms="41842" started-at="2020-05-12T11:33:48 CEST" finished-at="2020-05-12T11:34:30 CEST">
    <groups>
    </groups>
    <test name="Default test" duration-ms="41842" started-at="2020-05-12T11:33:48 CEST" finished-at="2020-05-12T11:34:30 CEST">
      <class name="TestSuite.LogingPage">
        <test-method status="PASS" signature="basePageNavigation()[pri:0, instance:TestSuite.LogingPage@1356d4d4]" name="basePageNavigation" is-config="true" duration-ms="12474" started-at="2020-05-12T11:33:48 CEST" finished-at="2020-05-12T11:34:01 CEST">
          <reporter-output>
          </reporter-output>
        </test-method> <!-- basePageNavigation -->
        <test-method status="PASS" signature="basePageNavegation(java.lang.String, java.lang.String)[pri:0, instance:TestSuite.LogingPage@1356d4d4]" name="basePageNavegation" duration-ms="12979" started-at="2020-05-12T11:34:01 CEST" data-provider="getNegativData" finished-at="2020-05-12T11:34:14 CEST">
          <params>
            <param index="0">
              <value>
                <![CDATA[ira.maksumic@gmail.com]]>
              </value>
            </param>
            <param index="1">
              <value>
                <![CDATA[1234567]]>
              </value>
            </param>
          </params>
          <reporter-output>
          </reporter-output>
        </test-method> <!-- basePageNavegation -->
        <test-method status="PASS" signature="basePageNavegation(java.lang.String, java.lang.String)[pri:0, instance:TestSuite.LogingPage@1356d4d4]" name="basePageNavegation" duration-ms="5269" started-at="2020-05-12T11:34:14 CEST" data-provider="getNegativData" finished-at="2020-05-12T11:34:19 CEST">
          <params>
            <param index="0">
              <value>
                <![CDATA[ira.zildzo@gmail.com]]>
              </value>
            </param>
            <param index="1">
              <value>
                <![CDATA[33234567]]>
              </value>
            </param>
          </params>
          <reporter-output>
          </reporter-output>
        </test-method> <!-- basePageNavegation -->
        <test-method status="PASS" signature="basePageNavegation(java.lang.String, java.lang.String)[pri:0, instance:TestSuite.LogingPage@1356d4d4]" name="basePageNavegation" duration-ms="5554" started-at="2020-05-12T11:34:19 CEST" data-provider="getNegativData" finished-at="2020-05-12T11:34:25 CEST">
          <params>
            <param index="0">
              <value>
                <![CDATA[ira.zildzo356@gmail.com]]>
              </value>
            </param>
            <param index="1">
              <value>
                <![CDATA[332343567]]>
              </value>
            </param>
          </params>
          <reporter-output>
          </reporter-output>
        </test-method> <!-- basePageNavegation -->
        <test-method status="PASS" signature="basePagePostive(java.lang.String, java.lang.String)[pri:0, instance:TestSuite.LogingPage@1356d4d4]" name="basePagePostive" duration-ms="5266" started-at="2020-05-12T11:34:25 CEST" data-provider="getCorrectData" finished-at="2020-05-12T11:34:30 CEST">
          <params>
            <param index="0">
              <value>
                <![CDATA[ira.maksumic88@gmail.com]]>
              </value>
            </param>
            <param index="1">
              <value>
                <![CDATA[123456]]>
              </value>
            </param>
          </params>
          <reporter-output>
          </reporter-output>
        </test-method> <!-- basePagePostive -->
        <test-method status="PASS" signature="teardown()[pri:0, instance:TestSuite.LogingPage@1356d4d4]" name="teardown" is-config="true" duration-ms="234" started-at="2020-05-12T11:34:30 CEST" finished-at="2020-05-12T11:34:30 CEST">
          <reporter-output>
          </reporter-output>
        </test-method> <!-- teardown -->
      </class> <!-- TestSuite.LogingPage -->
    </test> <!-- Default test -->
  </suite> <!-- Default suite -->
</testng-results>
